

Microchip Technology PIC LITE Macro Assembler V1.41 build -162212810 
                                                                                               Wed Jul 19 18:47:37 2017

Microchip Technology Omniscient Code Generator v1.41 (Free mode) build 201701250102
     1                           	processor	16F886
     2                           	opt	pw 120
     3                           	opt	lm
     4                           	psect	cinit,global,class=CODE,merge=1,delta=2
     5                           	psect	bitbssCOMMON,global,bit,class=COMMON,space=1,delta=1
     6                           	psect	cstackCOMMON,global,class=COMMON,space=1,delta=1
     7                           	psect	maintext,global,class=CODE,split=1,delta=2
     8                           	psect	text1,local,class=CODE,merge=1,delta=2
     9                           	dabs	1,0x7E,2
    10  0000                     
    11                           ; Version 1.41
    12                           ; Generated 25/01/2017 GMT
    13                           ; 
    14                           ; Copyright © 2017, Microchip Technology Inc. and its subsidiaries ("Microchip")
    15                           ; All rights reserved.
    16                           ; 
    17                           ; This software is developed by Microchip Technology Inc. and its subsidiaries ("Microch
      +                          ip").
    18                           ; 
    19                           ; Redistribution and use in source and binary forms, with or without modification, are
    20                           ; permitted provided that the following conditions are met:
    21                           ; 
    22                           ;     1. Redistributions of source code must retain the above copyright notice, this lis
      +                          t of
    23                           ;        conditions and the following disclaimer.
    24                           ; 
    25                           ;     2. Redistributions in binary form must reproduce the above copyright notice, this 
      +                          list
    26                           ;        of conditions and the following disclaimer in the documentation and/or other
    27                           ;        materials provided with the distribution.
    28                           ; 
    29                           ;     3. Microchip's name may not be used to endorse or promote products derived from th
      +                          is
    30                           ;        software without specific prior written permission.
    31                           ; 
    32                           ; THIS SOFTWARE IS PROVIDED BY MICROCHIP "AS IS" AND ANY EXPRESS OR IMPLIED WARRANTIES,
    33                           ; INCLUDING, BUT NOT LIMITED TO, THE IMPLIED WARRANTIES OF MERCHANTABILITY AND FITNESS F
      +                          OR
    34                           ; PURPOSE ARE DISCLAIMED.  IN NO EVENT SHALL MICROCHIP BE LIABLE FOR ANY DIRECT, INDIREC
      +                          T,
    35                           ; INCIDENTAL, SPECIAL, EXEMPLARY, OR CONSEQUENTIAL DAMAGES (INCLUDING BUT NOT LIMITED TO
    36                           ; PROCUREMENT OF SUBSTITUTE GOODS OR SERVICES; LOSS OF USE, DATA OR PROFITS; OR BUSINESS
    37                           ; INTERRUPTION) HOWSOEVER CAUSED AND ON ANY THEORY OF LIABILITY, WHETHER IN CONTRACT, ST
      +                          RICT
    38                           ; LIABILITY, OR TORT (INCLUDING NEGLIGENCE OR OTHERWISE) ARISING IN ANY WAY OUT OF THE U
      +                          SE OF
    39                           ; THIS SOFTWARE, EVEN IF ADVISED OF THE POSSIBILITY OF SUCH DAMAGE.
    40                           ; 
    41                           ; 
    42                           ; Code-generator required, PIC16F886 Definitions
    43                           ; 
    44                           ; SFR Addresses
    45  0000                     	;# 
    46  0001                     	;# 
    47  0002                     	;# 
    48  0003                     	;# 
    49  0004                     	;# 
    50  0005                     	;# 
    51  0006                     	;# 
    52  0007                     	;# 
    53  0009                     	;# 
    54  000A                     	;# 
    55  000B                     	;# 
    56  000C                     	;# 
    57  000D                     	;# 
    58  000E                     	;# 
    59  000E                     	;# 
    60  000F                     	;# 
    61  0010                     	;# 
    62  0011                     	;# 
    63  0012                     	;# 
    64  0013                     	;# 
    65  0014                     	;# 
    66  0015                     	;# 
    67  0015                     	;# 
    68  0016                     	;# 
    69  0017                     	;# 
    70  0018                     	;# 
    71  0019                     	;# 
    72  001A                     	;# 
    73  001B                     	;# 
    74  001B                     	;# 
    75  001C                     	;# 
    76  001D                     	;# 
    77  001E                     	;# 
    78  001F                     	;# 
    79  0081                     	;# 
    80  0085                     	;# 
    81  0086                     	;# 
    82  0087                     	;# 
    83  0089                     	;# 
    84  008C                     	;# 
    85  008D                     	;# 
    86  008E                     	;# 
    87  008F                     	;# 
    88  0090                     	;# 
    89  0091                     	;# 
    90  0092                     	;# 
    91  0093                     	;# 
    92  0093                     	;# 
    93  0093                     	;# 
    94  0094                     	;# 
    95  0095                     	;# 
    96  0096                     	;# 
    97  0097                     	;# 
    98  0098                     	;# 
    99  0099                     	;# 
   100  009A                     	;# 
   101  009B                     	;# 
   102  009C                     	;# 
   103  009D                     	;# 
   104  009E                     	;# 
   105  009F                     	;# 
   106  0105                     	;# 
   107  0107                     	;# 
   108  0108                     	;# 
   109  0109                     	;# 
   110  010C                     	;# 
   111  010C                     	;# 
   112  010D                     	;# 
   113  010E                     	;# 
   114  010F                     	;# 
   115  0185                     	;# 
   116  0187                     	;# 
   117  0188                     	;# 
   118  0189                     	;# 
   119  018C                     	;# 
   120  018D                     	;# 
   121  0007                     _PORTCbits	set	7
   122  001B                     _CCPR2L	set	27
   123  0015                     _CCPR1L	set	21
   124  001D                     _CCP2CONbits	set	29
   125  0017                     _CCP1CONbits	set	23
   126  0011                     _TMR2	set	17
   127  0012                     _T2CONbits	set	18
   128  000C                     _PIR1bits	set	12
   129  000F                     _TMR1H	set	15
   130  000E                     _TMR1L	set	14
   131  0010                     _T1CONbits	set	16
   132  0001                     _TMR0	set	1
   133  001E                     _ADRESH	set	30
   134  001F                     _ADCON0bits	set	31
   135  000B                     _INTCONbits	set	11
   136  001A                     _RCREG	set	26
   137  0019                     _TXREG	set	25
   138  0018                     _RCSTAbits	set	24
   139  0065                     _RCIF	set	101
   140  0064                     _TXIF	set	100
   141  0087                     _TRISCbits	set	135
   142  0092                     _PR2	set	146
   143  0081                     _OPTION_REGbits	set	129
   144  009E                     _ADRESL	set	158
   145  009F                     _ADCON1bits	set	159
   146  009A                     _SPBRGH	set	154
   147  0099                     _SPBRG	set	153
   148  0098                     _TXSTAbits	set	152
   149  008F                     _OSCCONbits	set	143
   150  010C                     _EEDAT	set	268
   151  010D                     _EEADR	set	269
   152  018D                     _EECON2	set	397
   153  018C                     _EECON1bits	set	396
   154  0187                     _BAUDCTLbits	set	391
   155                           
   156                           ; #config settings
   157  0000                     
   158                           	psect	cinit
   159  07FB                     start_initialization:	
   160  07FB                     __initialization:	
   161                           
   162                           ; Clear objects allocated to BITCOMMON
   163  07FB  01F2               	clrf	(__pbitbssCOMMON/(0+8))& (0+127)
   164  07FC                     end_of_initialization:	
   165                           ;End of C runtime variable initialization code
   166                           
   167  07FC                     __end_of__initialization:	
   168  07FC  0183               	clrf	3
   169  07FD  120A  118A  2FDA   	ljmp	_main	;jump to C main() function
   170                           
   171                           	psect	bitbssCOMMON
   172  0390                     __pbitbssCOMMON:	
   173  0390                     _ledbit:	
   174  0390                     	ds	1
   175                           
   176                           	psect	cstackCOMMON
   177  0070                     __pcstackCOMMON:	
   178  0070                     ?_OSCSetup:	
   179  0070                     ??_OSCSetup:	
   180                           ; 1 bytes @ 0x0
   181                           
   182  0070                     ?_main:	
   183                           ; 1 bytes @ 0x0
   184                           
   185  0070                     ??_main:	
   186                           ; 1 bytes @ 0x0
   187                           
   188                           
   189                           ; 1 bytes @ 0x0
   190  0070                     	ds	2
   191                           
   192                           	psect	maintext
   193  07DA                     __pmaintext:	
   194 ;;
   195 ;;Main: autosize = 0, tempsize = 2, incstack = 0, save=0
   196 ;;
   197 ;; *************** function _main *****************
   198 ;; Defined at:
   199 ;;		line 13 in file "p1osc_blink.c"
   200 ;; Parameters:    Size  Location     Type
   201 ;;		None
   202 ;; Auto vars:     Size  Location     Type
   203 ;;		None
   204 ;; Return value:  Size  Location     Type
   205 ;;                  1    wreg      void 
   206 ;; Registers used:
   207 ;;		wreg, status,2, status,0, pclath, cstack
   208 ;; Tracked objects:
   209 ;;		On entry : B00/0
   210 ;;		On exit  : 0/0
   211 ;;		Unchanged: 0/0
   212 ;; Data sizes:     COMMON   BANK0   BANK1   BANK3   BANK2
   213 ;;      Params:         0       0       0       0       0
   214 ;;      Locals:         0       0       0       0       0
   215 ;;      Temps:          2       0       0       0       0
   216 ;;      Totals:         2       0       0       0       0
   217 ;;Total ram usage:        2 bytes
   218 ;; Hardware stack levels required when called:    1
   219 ;; This function calls:
   220 ;;		_OSCSetup
   221 ;; This function is called by:
   222 ;;		Startup code after reset
   223 ;; This function uses a non-reentrant model
   224 ;;
   225                           
   226                           
   227                           ;psect for function _main
   228  07DA                     _main:	
   229                           
   230                           ;p1osc_blink.c: 15: OSCSetup();
   231                           
   232                           ;incstack = 0
   233                           ; Regs used in _main: [wreg+status,2+status,0+pclath+cstack]
   234  07DA  120A  118A  27D1  120A  118A  	fcall	_OSCSetup
   235                           
   236                           ;p1osc_blink.c: 16: TRISCbits.TRISC0 = 0;
   237  07DF  1683               	bsf	3,5	;RP0=1, select bank1
   238  07E0  1303               	bcf	3,6	;RP1=0, select bank1
   239  07E1  1007               	bcf	7,0	;volatile
   240  07E2                     L1:	
   241                           
   242                           ;p1osc_blink.c: 17: PORTCbits.RC0 = 0;
   243  07E2  1283               	bcf	3,5	;RP0=0, select bank0
   244  07E3  1303               	bcf	3,6	;RP1=0, select bank0
   245  07E4  1007               	bcf	7,0	;volatile
   246                           
   247                           ;p1osc_blink.c: 19: {
   248                           ;p1osc_blink.c: 20: _delay((unsigned long)((100)*(4000000/4000.0)));
   249                           
   250                           ;p1osc_blink.c: 18: while(1)
   251  07E5  3082               	movlw	130
   252  07E6  00F1               	movwf	??_main+1
   253  07E7  30DD               	movlw	221
   254  07E8  00F0               	movwf	??_main
   255  07E9                     u87:	
   256  07E9  0BF0               	decfsz	??_main,f
   257  07EA  2FE9               	goto	u87
   258  07EB  0BF1               	decfsz	??_main+1,f
   259  07EC  2FE9               	goto	u87
   260  07ED  2FEE               	nop2
   261                           
   262                           ;p1osc_blink.c: 21: PORTCbits.RC0 = 1;
   263  07EE  1283               	bcf	3,5	;RP0=0, select bank0
   264  07EF  1303               	bcf	3,6	;RP1=0, select bank0
   265  07F0  1407               	bsf	7,0	;volatile
   266                           
   267                           ;p1osc_blink.c: 22: _delay((unsigned long)((100)*(4000000/4000.0)));
   268  07F1  3082               	movlw	130
   269  07F2  00F1               	movwf	??_main+1
   270  07F3  30DD               	movlw	221
   271  07F4  00F0               	movwf	??_main
   272  07F5                     u97:	
   273  07F5  0BF0               	decfsz	??_main,f
   274  07F6  2FF5               	goto	u97
   275  07F7  0BF1               	decfsz	??_main+1,f
   276  07F8  2FF5               	goto	u97
   277  07F9  2FFA               	nop2
   278  07FA  2FE2               	goto	L1
   279  07FB                     __end_of_main:	
   280                           ;p1osc_blink.c: 23: PORTCbits.RC0 = 0;
   281                           
   282                           
   283                           	psect	text1
   284  07D1                     __ptext1:	
   285 ;; *************** function _OSCSetup *****************
   286 ;; Defined at:
   287 ;;		line 9 in file "rutinas.c"
   288 ;; Parameters:    Size  Location     Type
   289 ;;		None
   290 ;; Auto vars:     Size  Location     Type
   291 ;;		None
   292 ;; Return value:  Size  Location     Type
   293 ;;                  1    wreg      void 
   294 ;; Registers used:
   295 ;;		wreg, status,2, status,0
   296 ;; Tracked objects:
   297 ;;		On entry : 0/0
   298 ;;		On exit  : 0/0
   299 ;;		Unchanged: 0/0
   300 ;; Data sizes:     COMMON   BANK0   BANK1   BANK3   BANK2
   301 ;;      Params:         0       0       0       0       0
   302 ;;      Locals:         0       0       0       0       0
   303 ;;      Temps:          0       0       0       0       0
   304 ;;      Totals:         0       0       0       0       0
   305 ;;Total ram usage:        0 bytes
   306 ;; Hardware stack levels used:    1
   307 ;; This function calls:
   308 ;;		Nothing
   309 ;; This function is called by:
   310 ;;		_main
   311 ;; This function uses a non-reentrant model
   312 ;;
   313                           
   314                           
   315                           ;psect for function _OSCSetup
   316  07D1                     _OSCSetup:	
   317                           
   318                           ;rutinas.c: 14: OSCCONbits.IRCF = 6;
   319                           
   320                           ;incstack = 0
   321                           ; Regs used in _OSCSetup: [wreg+status,2+status,0]
   322  07D1  1683               	bsf	3,5	;RP0=1, select bank1
   323  07D2  1303               	bcf	3,6	;RP1=0, select bank1
   324  07D3  080F               	movf	15,w	;volatile
   325  07D4  398F               	andlw	-113
   326  07D5  3860               	iorlw	96
   327  07D6  008F               	movwf	15	;volatile
   328  07D7                     l73:	
   329                           ;rutinas.c: 33: while(!OSCCONbits.HTS);
   330                           
   331  07D7  190F               	btfsc	15,2	;volatile
   332  07D8  0008               	return
   333  07D9  2FD7               	goto	l73
   334  07DA                     __end_of_OSCSetup:	
   335  007E                     btemp	set	126	;btemp
   336  007E                     wtemp0	set	126


Data Sizes:
    Strings     0
    Constant    0
    Data        0
    BSS         0
    Persistent  0
    Stack       0

Auto Spaces:
    Space          Size  Autos    Used
    COMMON           14      2       3
    BANK0            80      0       0
    BANK1            80      0       0
    BANK3            96      0       0
    BANK2            96      0       0

Pointer List with Targets:

    None.

Critical Paths under _main in COMMON

    None.

Critical Paths under _main in BANK0

    None.

Critical Paths under _main in BANK1

    None.

Critical Paths under _main in BANK3

    None.

Critical Paths under _main in BANK2

    None.

Call Graph Tables:

 ---------------------------------------------------------------------------------
 (Depth) Function   	        Calls       Base Space   Used Autos Params    Refs
 ---------------------------------------------------------------------------------
 (0) _main                                                 2     2      0       0
                                              0 COMMON     2     2      0
                           _OSCSetup
 ---------------------------------------------------------------------------------
 (1) _OSCSetup                                             0     0      0       0
 ---------------------------------------------------------------------------------
 Estimated maximum stack depth 1
 ---------------------------------------------------------------------------------

 Call Graph Graphs:

 _main (ROOT)
   _OSCSetup

 Address spaces:
Name               Size   Autos  Total    Cost      Usage
BITCOMMON            E      0       1       0        7.1%
EEDATA             100      0       0       0        0.0%
NULL                 0      0       0       0        0.0%
CODE                 0      0       0       0        0.0%
COMMON               E      2       3       1       21.4%
BITSFR0              0      0       0       1        0.0%
SFR0                 0      0       0       1        0.0%
BITSFR1              0      0       0       2        0.0%
SFR1                 0      0       0       2        0.0%
STACK                0      0       0       2        0.0%
ABS                  0      0       3       3        0.0%
BITBANK0            50      0       0       4        0.0%
BITSFR3              0      0       0       4        0.0%
SFR3                 0      0       0       4        0.0%
BANK0               50      0       0       5        0.0%
BITSFR2              0      0       0       5        0.0%
SFR2                 0      0       0       5        0.0%
BITBANK1            50      0       0       6        0.0%
BANK1               50      0       0       7        0.0%
BITBANK3            60      0       0       8        0.0%
BANK3               60      0       0       9        0.0%
BITBANK2            60      0       0      10        0.0%
BANK2               60      0       0      11        0.0%
DATA                 0      0       3      12        0.0%


Microchip Technology PIC Macro Assembler V1.41 build -162212810 
Symbol Table                                                                                   Wed Jul 19 18:47:37 2017

                      l73 07D7                        u87 07E9                        u97 07F5  
                     _PR2 0092              __CFG_LVP$OFF 0000                      _RCIF 0065  
                    _TMR0 0001                      _TMR2 0011                      _TXIF 0064  
                    _main 07DA                      btemp 007E                      start 0000  
                   ?_main 0070                     _EEADR 010D                     _EEDAT 010C  
           __CFG_WDTE$OFF 0000                     _RCREG 001A                     _TMR1H 000F  
                   _TMR1L 000E                     _SPBRG 0099                     _TXREG 0019  
        __end_of_OSCSetup 07DA            __pbitbssCOMMON 0390                     status 0003  
                   wtemp0 007E            __CFG_MCLRE$OFF 0000           __initialization 07FB  
            __end_of_main 07FB                    ??_main 0070                    _ADRESH 001E  
                  _ADRESL 009E                    _CCPR1L 0015                    _CCPR2L 001B  
                  _EECON2 018D                    _SPBRGH 009A                    _ledbit 0390  
 __end_of__initialization 07FC            __pcstackCOMMON 0070                 ?_OSCSetup 0070  
          _OPTION_REGbits 0081                __pmaintext 07DA                ??_OSCSetup 0070  
                 __ptext1 07D1                 _T1CONbits 0010                 _T2CONbits 0012  
    end_of_initialization 07FC                 _RCSTAbits 0018                 _PORTCbits 0007  
               _TRISCbits 0087               _CCP1CONbits 0017               _CCP2CONbits 001D  
               _TXSTAbits 0098               _BAUDCTLbits 0187         __size_of_OSCSetup 0009  
     start_initialization 07FB  __CFG_FOSC$INTRC_NOCLKOUT 0000                 ___latbits 0002  
                _PIR1bits 000C                  _OSCSetup 07D1                _ADCON0bits 001F  
              _ADCON1bits 009F                _EECON1bits 018C             __size_of_main 0021  
              _INTCONbits 000B                _OSCCONbits 008F  
